<?xml version="1.0" encoding="UTF-8"?>
<!-- Generated by org.testng.reporters.JUnitReportReporter -->
<testsuite hostname="WS-KL-02" failures="0" tests="2" name="myTest.Program1" time="5.344" errors="0" timestamp="2024-02-02T14:58:07 MYT" skipped="0">
  <testcase classname="myTest.Program1" name="verifyTitle" time="2.449"/>
  <testcase classname="myTest.Program1" name="verifyLogo" time="2.895"/>
</testsuite> <!-- myTest.Program1 -->
